Using pre-set license
Built from '2022.3/release' branch; Version is '2022.3.5f1 (9674261d40ee) revision 9860134'; Using compiler version '192829333'; Build Type 'Release'
OS: 'Windows 10  (10.0.19045) 64bit Core' Language: 'en' Physical Memory: 16088 MB
BatchMode: 1, IsHumanControllingUs: 0, StartBugReporterOnCrash: 0, Is64bit: 1, IsPro: 1

COMMAND LINE ARGUMENTS:
C:\Program Files\Unity\Hub\Editor\2022.3.5f1\Editor\Unity.exe
-adb2
-batchMode
-noUpm
-name
AssetImportWorker3
-projectPath
D:/Unity Projects/SceneManager
-logFile
Logs/AssetImportWorker3.log
-srvPort
50031
Successfully changed project path to: D:/Unity Projects/SceneManager
D:/Unity Projects/SceneManager
[UnityMemory] Configuration Parameters - Can be set up in boot.config
    "memorysetup-bucket-allocator-granularity=16"
    "memorysetup-bucket-allocator-bucket-count=8"
    "memorysetup-bucket-allocator-block-size=33554432"
    "memorysetup-bucket-allocator-block-count=8"
    "memorysetup-main-allocator-block-size=16777216"
    "memorysetup-thread-allocator-block-size=16777216"
    "memorysetup-gfx-main-allocator-block-size=16777216"
    "memorysetup-gfx-thread-allocator-block-size=16777216"
    "memorysetup-cache-allocator-block-size=4194304"
    "memorysetup-typetree-allocator-block-size=2097152"
    "memorysetup-profiler-bucket-allocator-granularity=16"
    "memorysetup-profiler-bucket-allocator-bucket-count=8"
    "memorysetup-profiler-bucket-allocator-block-size=33554432"
    "memorysetup-profiler-bucket-allocator-block-count=8"
    "memorysetup-profiler-allocator-block-size=16777216"
    "memorysetup-profiler-editor-allocator-block-size=1048576"
    "memorysetup-temp-allocator-size-main=16777216"
    "memorysetup-job-temp-allocator-block-size=2097152"
    "memorysetup-job-temp-allocator-block-size-background=1048576"
    "memorysetup-job-temp-allocator-reduction-small-platforms=262144"
    "memorysetup-allocator-temp-initial-block-size-main=262144"
    "memorysetup-allocator-temp-initial-block-size-worker=262144"
    "memorysetup-temp-allocator-size-background-worker=32768"
    "memorysetup-temp-allocator-size-job-worker=262144"
    "memorysetup-temp-allocator-size-preload-manager=33554432"
    "memorysetup-temp-allocator-size-nav-mesh-worker=65536"
    "memorysetup-temp-allocator-size-audio-worker=65536"
    "memorysetup-temp-allocator-size-cloud-worker=32768"
    "memorysetup-temp-allocator-size-gi-baking-worker=262144"
    "memorysetup-temp-allocator-size-gfx=262144"
Player connection [22940] Host "[IP] 192.168.100.161 [Port] 0 [Flags] 2 [Guid] 3966035395 [EditorId] 3966035395 [Version] 1048832 [Id] WindowsEditor(7,DESKTOP-UGLUHPN) [Debug] 1 [PackageName] WindowsEditor [ProjectName] Editor" joined multi-casting on [225.0.0.222:54997]...

Player connection [22940] Host "[IP] 192.168.100.161 [Port] 0 [Flags] 2 [Guid] 3966035395 [EditorId] 3966035395 [Version] 1048832 [Id] WindowsEditor(7,DESKTOP-UGLUHPN) [Debug] 1 [PackageName] WindowsEditor [ProjectName] Editor" joined alternative multi-casting on [225.0.0.222:34997]...

Refreshing native plugins compatible for Editor in 86.85 ms, found 3 plugins.
Preloading 0 native plugins for Editor in 0.00 ms.
Initialize engine version: 2022.3.5f1 (9674261d40ee)
[Subsystems] Discovering subsystems at path C:/Program Files/Unity/Hub/Editor/2022.3.5f1/Editor/Data/Resources/UnitySubsystems
[Subsystems] Discovering subsystems at path D:/Unity Projects/SceneManager/Assets
GfxDevice: creating device client; threaded=0; jobified=0
Direct3D:
    Version:  Direct3D 11.0 [level 11.1]
    Renderer: NVIDIA GeForce RTX 3050 Ti Laptop GPU (ID=0x25a0)
    Vendor:   NVIDIA
    VRAM:     3976 MB
    Driver:   31.0.15.3667
Initialize mono
Mono path[0] = 'C:/Program Files/Unity/Hub/Editor/2022.3.5f1/Editor/Data/Managed'
Mono path[1] = 'C:/Program Files/Unity/Hub/Editor/2022.3.5f1/Editor/Data/MonoBleedingEdge/lib/mono/unityjit-win32'
Mono config path = 'C:/Program Files/Unity/Hub/Editor/2022.3.5f1/Editor/Data/MonoBleedingEdge/etc'
Using monoOptions --debugger-agent=transport=dt_socket,embedding=1,server=y,suspend=n,address=127.0.0.1:56568
Begin MonoManager ReloadAssembly
Registering precompiled unity dll's ...
Register platform support module: C:/Program Files/Unity/Hub/Editor/2022.3.5f1/Editor/Data/PlaybackEngines/AndroidPlayer/UnityEditor.Android.Extensions.dll
Register platform support module: C:/Program Files/Unity/Hub/Editor/2022.3.5f1/Editor/Data/PlaybackEngines/WindowsStandaloneSupport/UnityEditor.WindowsStandalone.Extensions.dll
Registered in 0.013435 seconds.
- Loaded All Assemblies, in  0.431 seconds
Native extension for WindowsStandalone target not found
Native extension for Android target not found
Android Extension - Scanning For ADB Devices 327 ms
Mono: successfully reloaded assembly
- Finished resetting the current domain, in  0.730 seconds
Domain Reload Profiling: 1159ms
	BeginReloadAssembly (135ms)
		ExecutionOrderSort (0ms)
		DisableScriptedObjects (0ms)
		BackupInstance (0ms)
		ReleaseScriptingObjects (0ms)
		CreateAndSetChildDomain (1ms)
	RebuildCommonClasses (42ms)
	RebuildNativeTypeToScriptingClass (12ms)
	initialDomainReloadingComplete (75ms)
	LoadAllAssembliesAndSetupDomain (164ms)
		LoadAssemblies (132ms)
		RebuildTransferFunctionScriptingTraits (0ms)
		AnalyzeDomain (157ms)
			TypeCache.Refresh (156ms)
				TypeCache.ScanAssembly (143ms)
			ScanForSourceGeneratedMonoScriptInfo (0ms)
			ResolveRequiredComponents (0ms)
	FinalizeReload (730ms)
		ReleaseScriptCaches (0ms)
		RebuildScriptCaches (0ms)
		SetupLoadedEditorAssemblies (656ms)
			LogAssemblyErrors (0ms)
			InitializePlatformSupportModulesInManaged (456ms)
			SetLoadedEditorAssemblies (4ms)
			RefreshPlugins (0ms)
			BeforeProcessingInitializeOnLoad (2ms)
			ProcessInitializeOnLoadAttributes (119ms)
			ProcessInitializeOnLoadMethodAttributes (74ms)
			AfterProcessingInitializeOnLoad (0ms)
			EditorAssembliesLoaded (0ms)
		ExecutionOrderSort2 (0ms)
		AwakeInstancesAfterBackupRestoration (0ms)
========================================================================
Worker process is ready to serve import requests
Begin MonoManager ReloadAssembly
Symbol file LoadedFromMemory doesn't match image D:\Unity Projects\SceneManager\Library\PackageCache\com.unity.visualscripting@1.8.0\Editor\VisualScripting.Core\Dependencies\YamlDotNet\Unity.VisualScripting.YamlDotNet.dll
Symbol file LoadedFromMemory doesn't match image D:\Unity Projects\SceneManager\Library\PackageCache\com.unity.visualscripting@1.8.0\Editor\VisualScripting.Core\Dependencies\DotNetZip\Unity.VisualScripting.IonicZip.dll
- Loaded All Assemblies, in  0.843 seconds
Refreshing native plugins compatible for Editor in 3.34 ms, found 3 plugins.
Native extension for WindowsStandalone target not found
Native extension for Android target not found
Mono: successfully reloaded assembly
- Finished resetting the current domain, in  0.638 seconds
Domain Reload Profiling: 1479ms
	BeginReloadAssembly (120ms)
		ExecutionOrderSort (0ms)
		DisableScriptedObjects (6ms)
		BackupInstance (0ms)
		ReleaseScriptingObjects (0ms)
		CreateAndSetChildDomain (21ms)
	RebuildCommonClasses (37ms)
	RebuildNativeTypeToScriptingClass (12ms)
	initialDomainReloadingComplete (50ms)
	LoadAllAssembliesAndSetupDomain (623ms)
		LoadAssemblies (321ms)
		RebuildTransferFunctionScriptingTraits (0ms)
		AnalyzeDomain (352ms)
			TypeCache.Refresh (331ms)
				TypeCache.ScanAssembly (318ms)
			ScanForSourceGeneratedMonoScriptInfo (16ms)
			ResolveRequiredComponents (5ms)
	FinalizeReload (639ms)
		ReleaseScriptCaches (0ms)
		RebuildScriptCaches (0ms)
		SetupLoadedEditorAssemblies (470ms)
			LogAssemblyErrors (0ms)
			InitializePlatformSupportModulesInManaged (35ms)
			SetLoadedEditorAssemblies (5ms)
			RefreshPlugins (0ms)
			BeforeProcessingInitializeOnLoad (68ms)
			ProcessInitializeOnLoadAttributes (333ms)
			ProcessInitializeOnLoadMethodAttributes (22ms)
			AfterProcessingInitializeOnLoad (8ms)
			EditorAssembliesLoaded (0ms)
		ExecutionOrderSort2 (0ms)
		AwakeInstancesAfterBackupRestoration (7ms)
Launched and connected shader compiler UnityShaderCompiler.exe after 0.05 seconds
Refreshing native plugins compatible for Editor in 2.11 ms, found 3 plugins.
Preloading 0 native plugins for Editor in 0.00 ms.
Unloading 3130 Unused Serialized files (Serialized files now loaded: 0)
Unloading 45 unused Assets / (62.8 KB). Loaded Objects now: 3589.
Memory consumption went from 124.2 MB to 124.1 MB.
Total: 3.447200 ms (FindLiveObjects: 0.207800 ms CreateObjectMapping: 0.099500 ms MarkObjects: 2.919700 ms  DeleteObjects: 0.219100 ms)

AssetImportParameters requested are different than current active one (requested -> active):
  custom:container-demuxer-ogg: 62fdf1f143b41e24485cea50d1cbac27 -> 
  custom:video-decoder-ogg-theora: a1e56fd34408186e4bbccfd4996cb3dc -> 
  custom:framework-win-MediaFoundation: 216162199b28c13a410421893ffa2e32 -> 
  custom:CustomObjectIndexerAttribute: 756ad292c208cfabdd7b50bc23989ffe -> 
  custom:container-demuxer-webm: 4f35f7cbe854078d1ac9338744f61a02 -> 
  custom:container-muxer-webm: aa71ff27fc2769a1b78a27578f13a17b -> 
  custom:video-decoder-webm-vp8: 9c59270c3fd7afecdb556c50c9e8de78 -> 
  custom:AudioImporter_EditorPlatform: d09bf68614088b80899f8185d706f6e7 -> 
  custom:video-encoder-webm-vp8: eb34c28f22e8b96e1ab97ce403110664 -> 
  custom:audio-decoder-ogg-vorbis: bf7c407c2cedff20999df2af8eb42d56 -> 
  custom:audio-encoder-webm-vorbis: bf7c407c2cedff20999df2af8eb42d56 -> 
========================================================================
Received Import Request.
  Time since last request: 49282.461079 seconds.
  path: Assets/Mobile Game GUI Vector Pack/Sprite/Icon/4.png
  artifactKey: Guid(0de86e3e0599d8a49ae1e32951172f11) Importer(815301076,1909f56bfc062723c751e8b465ee728b)
Start importing Assets/Mobile Game GUI Vector Pack/Sprite/Icon/4.png using Guid(0de86e3e0599d8a49ae1e32951172f11) Importer(815301076,1909f56bfc062723c751e8b465ee728b)  -> (artifact id: '653a6c9c366f90b040b1162c8b7c42c5') in 0.116388 seconds
Number of updated asset objects reloaded before import = 0
Number of asset objects unloaded after import = 2
========================================================================
Received Import Request.
  Time since last request: 0.000030 seconds.
  path: Assets/Mobile Game GUI Vector Pack/Sprite/Icon/17.png
  artifactKey: Guid(1a8990cfae178e343af4d82c0dd844b4) Importer(815301076,1909f56bfc062723c751e8b465ee728b)
Start importing Assets/Mobile Game GUI Vector Pack/Sprite/Icon/17.png using Guid(1a8990cfae178e343af4d82c0dd844b4) Importer(815301076,1909f56bfc062723c751e8b465ee728b)  -> (artifact id: '10cd80c22fb71b348d27713f40d4b7d4') in 0.034539 seconds
Number of updated asset objects reloaded before import = 0
Number of asset objects unloaded after import = 2
========================================================================
Received Import Request.
  Time since last request: 0.000019 seconds.
  path: Assets/Mobile Game GUI Vector Pack/Sprite/Icon/12.png
  artifactKey: Guid(46d4a4569b494dd4c89d09a32fb971b9) Importer(815301076,1909f56bfc062723c751e8b465ee728b)
Start importing Assets/Mobile Game GUI Vector Pack/Sprite/Icon/12.png using Guid(46d4a4569b494dd4c89d09a32fb971b9) Importer(815301076,1909f56bfc062723c751e8b465ee728b)  -> (artifact id: '8a2a27e404e15f6b2d6cb08a1896d3f4') in 0.028225 seconds
Number of updated asset objects reloaded before import = 0
Number of asset objects unloaded after import = 2
========================================================================
Received Import Request.
  Time since last request: 0.000020 seconds.
  path: Assets/Mobile Game GUI Vector Pack/Sprite/Icon/33.png
  artifactKey: Guid(2250263bc4e44d6429b8817fe11e3745) Importer(815301076,1909f56bfc062723c751e8b465ee728b)
Start importing Assets/Mobile Game GUI Vector Pack/Sprite/Icon/33.png using Guid(2250263bc4e44d6429b8817fe11e3745) Importer(815301076,1909f56bfc062723c751e8b465ee728b)  -> (artifact id: '9663eb78fc3b188a1cd3422357cf00f8') in 0.037321 seconds
Number of updated asset objects reloaded before import = 0
Number of asset objects unloaded after import = 2
========================================================================
Received Import Request.
  Time since last request: 0.000043 seconds.
  path: Assets/Mobile Game GUI Vector Pack/Sprite/Icon/47.png
  artifactKey: Guid(51789863f6e490347863a760f38df822) Importer(815301076,1909f56bfc062723c751e8b465ee728b)
Start importing Assets/Mobile Game GUI Vector Pack/Sprite/Icon/47.png using Guid(51789863f6e490347863a760f38df822) Importer(815301076,1909f56bfc062723c751e8b465ee728b)  -> (artifact id: '7b1ab555993663f540023e1c861e70bf') in 0.034536 seconds
Number of updated asset objects reloaded before import = 0
Number of asset objects unloaded after import = 2
========================================================================
Received Import Request.
  Time since last request: 0.000026 seconds.
  path: Assets/Mobile Game GUI Vector Pack/Sprite/Icon/43.png
  artifactKey: Guid(b2ba2fe85d99a1345a9951c915dc4f4c) Importer(815301076,1909f56bfc062723c751e8b465ee728b)
Start importing Assets/Mobile Game GUI Vector Pack/Sprite/Icon/43.png using Guid(b2ba2fe85d99a1345a9951c915dc4f4c) Importer(815301076,1909f56bfc062723c751e8b465ee728b)  -> (artifact id: '5de37fcd0e71f03ca358d086bbe0f77d') in 0.028448 seconds
Number of updated asset objects reloaded before import = 0
Number of asset objects unloaded after import = 2
========================================================================
Received Import Request.
  Time since last request: 0.000026 seconds.
  path: Assets/Mobile Game GUI Vector Pack/Sprite/Icon/7.png
  artifactKey: Guid(57ef460b3939a3d4fb817dbc139afec0) Importer(815301076,1909f56bfc062723c751e8b465ee728b)
Start importing Assets/Mobile Game GUI Vector Pack/Sprite/Icon/7.png using Guid(57ef460b3939a3d4fb817dbc139afec0) Importer(815301076,1909f56bfc062723c751e8b465ee728b)  -> (artifact id: 'e494aadba06bf255b7ff4a2a300bd8c7') in 0.026716 seconds
Number of updated asset objects reloaded before import = 0
Number of asset objects unloaded after import = 2
========================================================================
Received Import Request.
  Time since last request: 0.000017 seconds.
  path: Assets/Mobile Game GUI Vector Pack/Sprite/Icon/6.png
  artifactKey: Guid(9cb2c19f1a5af3a44b5e6dad947204d6) Importer(815301076,1909f56bfc062723c751e8b465ee728b)
Start importing Assets/Mobile Game GUI Vector Pack/Sprite/Icon/6.png using Guid(9cb2c19f1a5af3a44b5e6dad947204d6) Importer(815301076,1909f56bfc062723c751e8b465ee728b)  -> (artifact id: '33de476be0897335cbf22c86e9619e8b') in 0.029975 seconds
Number of updated asset objects reloaded before import = 0
Number of asset objects unloaded after import = 2
========================================================================
Received Import Request.
  Time since last request: 0.000234 seconds.
  path: Assets/Mobile Game GUI Vector Pack/Sprite/Icon/5.png
  artifactKey: Guid(ed111f2d5e576844d91d87f71d4a0530) Importer(815301076,1909f56bfc062723c751e8b465ee728b)
Start importing Assets/Mobile Game GUI Vector Pack/Sprite/Icon/5.png using Guid(ed111f2d5e576844d91d87f71d4a0530) Importer(815301076,1909f56bfc062723c751e8b465ee728b)  -> (artifact id: 'b737e709d42503bce25b2a4769575a5e') in 0.028249 seconds
Number of updated asset objects reloaded before import = 0
Number of asset objects unloaded after import = 2
========================================================================
Received Import Request.
  Time since last request: 0.000214 seconds.
  path: Assets/Mobile Game GUI Vector Pack/Sprite/Icon/20.png
  artifactKey: Guid(68e637b0d6a0f8f489a329f62cac4749) Importer(815301076,1909f56bfc062723c751e8b465ee728b)
Start importing Assets/Mobile Game GUI Vector Pack/Sprite/Icon/20.png using Guid(68e637b0d6a0f8f489a329f62cac4749) Importer(815301076,1909f56bfc062723c751e8b465ee728b)  -> (artifact id: '6d8600eebac5f332461ee18bc515e308') in 0.027489 seconds
Number of updated asset objects reloaded before import = 0
Number of asset objects unloaded after import = 2
========================================================================
Received Import Request.
  Time since last request: 0.000198 seconds.
  path: Assets/Mobile Game GUI Vector Pack/Sprite/Icon/14.png
  artifactKey: Guid(6a57c46f70a4bf64383ca6d99115f827) Importer(815301076,1909f56bfc062723c751e8b465ee728b)
Start importing Assets/Mobile Game GUI Vector Pack/Sprite/Icon/14.png using Guid(6a57c46f70a4bf64383ca6d99115f827) Importer(815301076,1909f56bfc062723c751e8b465ee728b)  -> (artifact id: '7adcb6539d5d197149a176aee55312ac') in 0.028881 seconds
Number of updated asset objects reloaded before import = 0
Number of asset objects unloaded after import = 2
========================================================================
Received Import Request.
  Time since last request: 2.477996 seconds.
  path: Assets/Mobile Game GUI Vector Pack/Sprite/Pic/3.1.png
  artifactKey: Guid(f899e58f8e5dbfb4ca319f79b83ae7b1) Importer(815301076,1909f56bfc062723c751e8b465ee728b)
Start importing Assets/Mobile Game GUI Vector Pack/Sprite/Pic/3.1.png using Guid(f899e58f8e5dbfb4ca319f79b83ae7b1) Importer(815301076,1909f56bfc062723c751e8b465ee728b)  -> (artifact id: '9770934bfda58b9f8a62bf5ad7b9e80f') in 0.079867 seconds
Number of updated asset objects reloaded before import = 0
Number of asset objects unloaded after import = 3
========================================================================
Received Import Request.
  Time since last request: 0.000024 seconds.
  path: Assets/Mobile Game GUI Vector Pack/Sprite/Pic/20.png
  artifactKey: Guid(a074ef220d56c964c90a061d7771796f) Importer(815301076,1909f56bfc062723c751e8b465ee728b)
Start importing Assets/Mobile Game GUI Vector Pack/Sprite/Pic/20.png using Guid(a074ef220d56c964c90a061d7771796f) Importer(815301076,1909f56bfc062723c751e8b465ee728b)  -> (artifact id: '2db672ac129c20ec7f6e212d6777a795') in 0.030089 seconds
Number of updated asset objects reloaded before import = 0
Number of asset objects unloaded after import = 3
========================================================================
Received Import Request.
  Time since last request: 0.000019 seconds.
  path: Assets/Mobile Game GUI Vector Pack/Sprite/Pic/12.png
  artifactKey: Guid(0d80841e9ee1f0e46bd1faa68ebaf12c) Importer(815301076,1909f56bfc062723c751e8b465ee728b)
Start importing Assets/Mobile Game GUI Vector Pack/Sprite/Pic/12.png using Guid(0d80841e9ee1f0e46bd1faa68ebaf12c) Importer(815301076,1909f56bfc062723c751e8b465ee728b)  -> (artifact id: 'f6ec37ea90ae9acab226cc5dca4f478b') in 0.034241 seconds
Number of updated asset objects reloaded before import = 0
Number of asset objects unloaded after import = 3
========================================================================
Received Import Request.
  Time since last request: 0.000028 seconds.
  path: Assets/Mobile Game GUI Vector Pack/Sprite/Pic/7.png
  artifactKey: Guid(6a10b75141e097f4c9cb144bbf6a6170) Importer(815301076,1909f56bfc062723c751e8b465ee728b)
Start importing Assets/Mobile Game GUI Vector Pack/Sprite/Pic/7.png using Guid(6a10b75141e097f4c9cb144bbf6a6170) Importer(815301076,1909f56bfc062723c751e8b465ee728b)  -> (artifact id: '65a101867f81ef6023d79663af8b6121') in 0.038765 seconds
Number of updated asset objects reloaded before import = 0
Number of asset objects unloaded after import = 3
========================================================================
Received Import Request.
  Time since last request: 0.000020 seconds.
  path: Assets/Mobile Game GUI Vector Pack/Sprite/Pic/10.png
  artifactKey: Guid(ebdb6c29a9fdbb14b95b4c3b54916953) Importer(815301076,1909f56bfc062723c751e8b465ee728b)
Start importing Assets/Mobile Game GUI Vector Pack/Sprite/Pic/10.png using Guid(ebdb6c29a9fdbb14b95b4c3b54916953) Importer(815301076,1909f56bfc062723c751e8b465ee728b)  -> (artifact id: '50959cb7f5a18f65b5d1920e333b30ea') in 0.031997 seconds
Number of updated asset objects reloaded before import = 0
Number of asset objects unloaded after import = 3
========================================================================
Received Import Request.
  Time since last request: 0.000023 seconds.
  path: Assets/Mobile Game GUI Vector Pack/Sprite/Pic/6.png
  artifactKey: Guid(fa8b2c60b7724264dab7f3c45b123c10) Importer(815301076,1909f56bfc062723c751e8b465ee728b)
Start importing Assets/Mobile Game GUI Vector Pack/Sprite/Pic/6.png using Guid(fa8b2c60b7724264dab7f3c45b123c10) Importer(815301076,1909f56bfc062723c751e8b465ee728b)  -> (artifact id: '68c7bec5029262cd3af1f14e441b5574') in 0.027918 seconds
Number of updated asset objects reloaded before import = 0
Number of asset objects unloaded after import = 3
========================================================================
Received Import Request.
  Time since last request: 0.000118 seconds.
  path: Assets/Mobile Game GUI Vector Pack/Sprite/Pic/23.png
  artifactKey: Guid(f6b31bd2ac0cdcc47937dfe37e051bed) Importer(815301076,1909f56bfc062723c751e8b465ee728b)
Start importing Assets/Mobile Game GUI Vector Pack/Sprite/Pic/23.png using Guid(f6b31bd2ac0cdcc47937dfe37e051bed) Importer(815301076,1909f56bfc062723c751e8b465ee728b)  -> (artifact id: '61fd04d3d97fff8af97abd23b3bd58d8') in 0.029636 seconds
Number of updated asset objects reloaded before import = 0
Number of asset objects unloaded after import = 3
========================================================================
Received Import Request.
  Time since last request: 3.631873 seconds.
  path: Assets/Mobile Game GUI Vector Pack/Sprite/Pic/green chips/20.png
  artifactKey: Guid(9b09c0299d19fed42a807a3eba3c3607) Importer(815301076,1909f56bfc062723c751e8b465ee728b)
Start importing Assets/Mobile Game GUI Vector Pack/Sprite/Pic/green chips/20.png using Guid(9b09c0299d19fed42a807a3eba3c3607) Importer(815301076,1909f56bfc062723c751e8b465ee728b)  -> (artifact id: '18c7259626d9838c639254f080603023') in 0.032043 seconds
Number of updated asset objects reloaded before import = 0
Number of asset objects unloaded after import = 3
========================================================================
Received Import Request.
  Time since last request: 0.000067 seconds.
  path: Assets/Mobile Game GUI Vector Pack/Sprite/Pic/green chips/50.png
  artifactKey: Guid(8b72d145932a2804e98bd8cba722e6c5) Importer(815301076,1909f56bfc062723c751e8b465ee728b)
Start importing Assets/Mobile Game GUI Vector Pack/Sprite/Pic/green chips/50.png using Guid(8b72d145932a2804e98bd8cba722e6c5) Importer(815301076,1909f56bfc062723c751e8b465ee728b)  -> (artifact id: 'b8df91f9690d8f2da7801c7ba2ddf48b') in 0.029406 seconds
Number of updated asset objects reloaded before import = 0
Number of asset objects unloaded after import = 3
========================================================================
Received Prepare
Begin MonoManager ReloadAssembly
Symbol file LoadedFromMemory doesn't match image D:\Unity Projects\SceneManager\Library\PackageCache\com.unity.visualscripting@1.8.0\Editor\VisualScripting.Core\Dependencies\YamlDotNet\Unity.VisualScripting.YamlDotNet.dll
Symbol file LoadedFromMemory doesn't match image D:\Unity Projects\SceneManager\Library\PackageCache\com.unity.visualscripting@1.8.0\Editor\VisualScripting.Core\Dependencies\DotNetZip\Unity.VisualScripting.IonicZip.dll
- Loaded All Assemblies, in  0.934 seconds
Refreshing native plugins compatible for Editor in 4.08 ms, found 3 plugins.
Native extension for WindowsStandalone target not found
Native extension for Android target not found
Mono: successfully reloaded assembly
- Finished resetting the current domain, in  1.053 seconds
Domain Reload Profiling: 1984ms
	BeginReloadAssembly (171ms)
		ExecutionOrderSort (0ms)
		DisableScriptedObjects (7ms)
		BackupInstance (0ms)
		ReleaseScriptingObjects (0ms)
		CreateAndSetChildDomain (44ms)
	RebuildCommonClasses (42ms)
	RebuildNativeTypeToScriptingClass (14ms)
	initialDomainReloadingComplete (40ms)
	LoadAllAssembliesAndSetupDomain (662ms)
		LoadAssemblies (383ms)
		RebuildTransferFunctionScriptingTraits (0ms)
		AnalyzeDomain (357ms)
			TypeCache.Refresh (351ms)
				TypeCache.ScanAssembly (337ms)
			ScanForSourceGeneratedMonoScriptInfo (0ms)
			ResolveRequiredComponents (5ms)
	FinalizeReload (1054ms)
		ReleaseScriptCaches (0ms)
		RebuildScriptCaches (0ms)
		SetupLoadedEditorAssemblies (485ms)
			LogAssemblyErrors (0ms)
			InitializePlatformSupportModulesInManaged (32ms)
			SetLoadedEditorAssemblies (5ms)
			RefreshPlugins (0ms)
			BeforeProcessingInitializeOnLoad (68ms)
			ProcessInitializeOnLoadAttributes (346ms)
			ProcessInitializeOnLoadMethodAttributes (24ms)
			AfterProcessingInitializeOnLoad (11ms)
			EditorAssembliesLoaded (0ms)
		ExecutionOrderSort2 (0ms)
		AwakeInstancesAfterBackupRestoration (7ms)
Refreshing native plugins compatible for Editor in 5.27 ms, found 3 plugins.
Preloading 0 native plugins for Editor in 0.00 ms.
Unloading 3121 Unused Serialized files (Serialized files now loaded: 0)
Unloading 36 unused Assets / (37.8 KB). Loaded Objects now: 3614.
Memory consumption went from 122.3 MB to 122.3 MB.
Total: 4.347200 ms (FindLiveObjects: 0.397300 ms CreateObjectMapping: 0.133400 ms MarkObjects: 3.723600 ms  DeleteObjects: 0.091300 ms)

Prepare: number of updated asset objects reloaded= 0
AssetImportParameters requested are different than current active one (requested -> active):
  custom:container-demuxer-ogg: 62fdf1f143b41e24485cea50d1cbac27 -> 
  custom:video-decoder-ogg-theora: a1e56fd34408186e4bbccfd4996cb3dc -> 
  custom:framework-win-MediaFoundation: 216162199b28c13a410421893ffa2e32 -> 
  custom:CustomObjectIndexerAttribute: 756ad292c208cfabdd7b50bc23989ffe -> 
  custom:container-demuxer-webm: 4f35f7cbe854078d1ac9338744f61a02 -> 
  custom:container-muxer-webm: aa71ff27fc2769a1b78a27578f13a17b -> 
  custom:video-decoder-webm-vp8: 9c59270c3fd7afecdb556c50c9e8de78 -> 
  custom:AudioImporter_EditorPlatform: d09bf68614088b80899f8185d706f6e7 -> 
  custom:video-encoder-webm-vp8: eb34c28f22e8b96e1ab97ce403110664 -> 
  custom:audio-decoder-ogg-vorbis: bf7c407c2cedff20999df2af8eb42d56 -> 
  custom:audio-encoder-webm-vorbis: bf7c407c2cedff20999df2af8eb42d56 -> 
Editor requested this worker to shutdown with reason: Scaling down because of idle timeout
TcpMessagingSession - receive error: operation aborted. errorcode: 995, details: The I/O operation has been aborted because of either a thread exit or an application request.
AssetImportWorker is now disconnected from the server
Process exiting
Exiting without the bug reporter. Application will terminate with return code 0